# JRE version: Java(TM) SE Runtime Environment (8.0_60-b27) (build 1.8.0_60-b27)
# Java VM: Java HotSpot(TM) 64-Bit Server VM (25.60-b23 mixed mode bsd-amd64 compressed oops)
Heap:
 PSYoungGen      total 196608K, used 67833K [0x000000076ab00000, 0x0000000778880000, 0x00000007c0000000)
  eden space 176640K, 38% used [0x000000076ab00000,0x000000076ed3e4a8,0x0000000775780000)
  from space 19968K, 0% used [0x0000000776d80000,0x0000000776d80000,0x0000000778100000)
  to   space 22528K, 0% used [0x0000000775780000,0x0000000775780000,0x0000000776d80000)
 ParOldGen       total 199680K, used 36942K [0x00000006c0000000, 0x00000006cc300000, 0x000000076ab00000)
  object space 199680K, 18% used [0x00000006c0000000,0x00000006c2413ac0,0x00000006cc300000)
 Metaspace       used 38515K, capacity 38815K, committed 39336K, reserved 1083392K
  class space    used 4555K, capacity 4660K, committed 4776K, reserved 1048576K
GC Heap History (10 events):
Event: 3.609 GC heap before
{Heap before GC invocations=8 (full 1):
 PSYoungGen      total 105472K, used 102426K [0x000000076ab00000, 0x0000000771e00000, 0x00000007c0000000)
  eden space 94208K, 100% used [0x000000076ab00000,0x0000000770700000,0x0000000770700000)
  from space 11264K, 72% used [0x0000000771200000,0x0000000771a06ac0,0x0000000771d00000)
  to   space 11264K, 0% used [0x0000000770700000,0x0000000770700000,0x0000000771200000)
 ParOldGen       total 111104K, used 9831K [0x00000006c0000000, 0x00000006c6c80000, 0x000000076ab00000)
  object space 111104K, 8% used [0x00000006c0000000,0x00000006c0999e80,0x00000006c6c80000)
 Metaspace       used 28668K, capacity 28775K, committed 29184K, reserved 1075200K
  class space    used 3535K, capacity 3558K, committed 3584K, reserved 1048576K
Event: 3.616 GC heap after
Heap after GC invocations=8 (full 1):
 PSYoungGen      total 105472K, used 10156K [0x000000076ab00000, 0x0000000774980000, 0x00000007c0000000)
  eden space 94208K, 0% used [0x000000076ab00000,0x000000076ab00000,0x0000000770700000)
  from space 11264K, 90% used [0x0000000770700000,0x00000007710eb200,0x0000000771200000)
  to   space 12288K, 0% used [0x0000000773d80000,0x0000000773d80000,0x0000000774980000)
 ParOldGen       total 111104K, used 9839K [0x00000006c0000000, 0x00000006c6c80000, 0x000000076ab00000)
  object space 111104K, 8% used [0x00000006c0000000,0x00000006c099be80,0x00000006c6c80000)
 Metaspace       used 28668K, capacity 28775K, committed 29184K, reserved 1075200K
  class space    used 3535K, capacity 3558K, committed 3584K, reserved 1048576K
}
Event: 4.050 GC heap before
{Heap before GC invocations=9 (full 1):
 PSYoungGen      total 105472K, used 104364K [0x000000076ab00000, 0x0000000774980000, 0x00000007c0000000)
  eden space 94208K, 100% used [0x000000076ab00000,0x0000000770700000,0x0000000770700000)
  from space 11264K, 90% used [0x0000000770700000,0x00000007710eb200,0x0000000771200000)
  to   space 12288K, 0% used [0x0000000773d80000,0x0000000773d80000,0x0000000774980000)
 ParOldGen       total 111104K, used 9839K [0x00000006c0000000, 0x00000006c6c80000, 0x000000076ab00000)
  object space 111104K, 8% used [0x00000006c0000000,0x00000006c099be80,0x00000006c6c80000)
 Metaspace       used 29509K, capacity 29625K, committed 30080K, reserved 1075200K
  class space    used 3578K, capacity 3625K, committed 3712K, reserved 1048576K
Event: 4.059 GC heap after
Heap after GC invocations=9 (full 1):
 PSYoungGen      total 146944K, used 12272K [0x000000076ab00000, 0x0000000775400000, 0x00000007c0000000)
  eden space 134656K, 0% used [0x000000076ab00000,0x000000076ab00000,0x0000000772e80000)
  from space 12288K, 99% used [0x0000000773d80000,0x000000077497c100,0x0000000774980000)
  to   space 15360K, 0% used [0x0000000772e80000,0x0000000772e80000,0x0000000773d80000)
 ParOldGen       total 111104K, used 13893K [0x00000006c0000000, 0x00000006c6c80000, 0x000000076ab00000)
  object space 111104K, 12% used [0x00000006c0000000,0x00000006c0d91678,0x00000006c6c80000)
 Metaspace       used 29509K, capacity 29625K, committed 30080K, reserved 1075200K
  class space    used 3578K, capacity 3625K, committed 3712K, reserved 1048576K
}
Event: 4.562 GC heap before
{Heap before GC invocations=10 (full 1):
 PSYoungGen      total 146944K, used 146928K [0x000000076ab00000, 0x0000000775400000, 0x00000007c0000000)
  eden space 134656K, 100% used [0x000000076ab00000,0x0000000772e80000,0x0000000772e80000)
  from space 12288K, 99% used [0x0000000773d80000,0x000000077497c100,0x0000000774980000)
  to   space 15360K, 0% used [0x0000000772e80000,0x0000000772e80000,0x0000000773d80000)
 ParOldGen       total 111104K, used 13893K [0x00000006c0000000, 0x00000006c6c80000, 0x000000076ab00000)
  object space 111104K, 12% used [0x00000006c0000000,0x00000006c0d91678,0x00000006c6c80000)
 Metaspace       used 30891K, capacity 31089K, committed 31488K, reserved 1077248K
  class space    used 3688K, capacity 3725K, committed 3840K, reserved 1048576K
Event: 4.574 GC heap after
Heap after GC invocations=10 (full 1):
 PSYoungGen      total 150016K, used 15348K [0x000000076ab00000, 0x0000000778100000, 0x00000007c0000000)
  eden space 134656K, 0% used [0x000000076ab00000,0x000000076ab00000,0x0000000772e80000)
  from space 15360K, 99% used [0x0000000772e80000,0x0000000773d7d140,0x0000000773d80000)
  to   space 19968K, 0% used [0x0000000776d80000,0x0000000776d80000,0x0000000778100000)
 ParOldGen       total 111104K, used 20098K [0x00000006c0000000, 0x00000006c6c80000, 0x000000076ab00000)
  object space 111104K, 18% used [0x00000006c0000000,0x00000006c13a0bf8,0x00000006c6c80000)
 Metaspace       used 30891K, capacity 31089K, committed 31488K, reserved 1077248K
  class space    used 3688K, capacity 3725K, committed 3840K, reserved 1048576K
}
Event: 5.009 GC heap before
{Heap before GC invocations=11 (full 1):
 PSYoungGen      total 150016K, used 98285K [0x000000076ab00000, 0x0000000778100000, 0x00000007c0000000)
  eden space 134656K, 61% used [0x000000076ab00000,0x000000076fbfe388,0x0000000772e80000)
  from space 15360K, 99% used [0x0000000772e80000,0x0000000773d7d140,0x0000000773d80000)
  to   space 19968K, 0% used [0x0000000776d80000,0x0000000776d80000,0x0000000778100000)
 ParOldGen       total 111104K, used 20098K [0x00000006c0000000, 0x00000006c6c80000, 0x000000076ab00000)
  object space 111104K, 18% used [0x00000006c0000000,0x00000006c13a0bf8,0x00000006c6c80000)
 Metaspace       used 35147K, capacity 35267K, committed 35496K, reserved 1081344K
  class space    used 4188K, capacity 4240K, committed 4264K, reserved 1048576K
Event: 5.020 GC heap after
Heap after GC invocations=11 (full 1):
 PSYoungGen      total 196608K, used 19953K [0x000000076ab00000, 0x0000000778880000, 0x00000007c0000000)
  eden space 176640K, 0% used [0x000000076ab00000,0x000000076ab00000,0x0000000775780000)
  from space 19968K, 99% used [0x0000000776d80000,0x00000007780fc628,0x0000000778100000)
  to   space 22528K, 0% used [0x0000000775780000,0x0000000775780000,0x0000000776d80000)
 ParOldGen       total 111104K, used 20722K [0x00000006c0000000, 0x00000006c6c80000, 0x000000076ab00000)
  object space 111104K, 18% used [0x00000006c0000000,0x00000006c143c8a0,0x00000006c6c80000)
 Metaspace       used 35147K, capacity 35267K, committed 35496K, reserved 1081344K
  class space    used 4188K, capacity 4240K, committed 4264K, reserved 1048576K
}
Event: 5.020 GC heap before
{Heap before GC invocations=12 (full 2):
 PSYoungGen      total 196608K, used 19953K [0x000000076ab00000, 0x0000000778880000, 0x00000007c0000000)
  eden space 176640K, 0% used [0x000000076ab00000,0x000000076ab00000,0x0000000775780000)
  from space 19968K, 99% used [0x0000000776d80000,0x00000007780fc628,0x0000000778100000)
  to   space 22528K, 0% used [0x0000000775780000,0x0000000775780000,0x0000000776d80000)
 ParOldGen       total 111104K, used 20722K [0x00000006c0000000, 0x00000006c6c80000, 0x000000076ab00000)
  object space 111104K, 18% used [0x00000006c0000000,0x00000006c143c8a0,0x00000006c6c80000)
 Metaspace       used 35147K, capacity 35267K, committed 35496K, reserved 1081344K
  class space    used 4188K, capacity 4240K, committed 4264K, reserved 1048576K
Event: 5.114 GC heap after
Heap after GC invocations=12 (full 2):
 PSYoungGen      total 196608K, used 0K [0x000000076ab00000, 0x0000000778880000, 0x00000007c0000000)
  eden space 176640K, 0% used [0x000000076ab00000,0x000000076ab00000,0x0000000775780000)
  from space 19968K, 0% used [0x0000000776d80000,0x0000000776d80000,0x0000000778100000)
  to   space 22528K, 0% used [0x0000000775780000,0x0000000775780000,0x0000000776d80000)
 ParOldGen       total 199680K, used 36942K [0x00000006c0000000, 0x00000006cc300000, 0x000000076ab00000)
  object space 199680K, 18% used [0x00000006c0000000,0x00000006c2413ac0,0x00000006cc300000)
 Metaspace       used 35147K, capacity 35267K, committed 35496K, reserved 1081344K
  class space    used 4188K, capacity 4240K, committed 4264K, reserved 1048576K
}

