# JRE version: Java(TM) SE Runtime Environment (8.0_60-b27) (build 1.8.0_60-b27)
# Java VM: Java HotSpot(TM) 64-Bit Server VM (25.60-b23 mixed mode bsd-amd64 compressed oops)
Heap:
 PSYoungGen      total 199680K, used 119721K [0x000000076ab00000, 0x0000000778e00000, 0x00000007c0000000)
  eden space 179712K, 66% used [0x000000076ab00000,0x0000000771fea5e8,0x0000000775a80000)
  from space 19968K, 0% used [0x0000000777180000,0x0000000777180000,0x0000000778500000)
  to   space 23552K, 0% used [0x0000000775a80000,0x0000000775a80000,0x0000000777180000)
 ParOldGen       total 204800K, used 37368K [0x00000006c0000000, 0x00000006cc800000, 0x000000076ab00000)
  object space 204800K, 18% used [0x00000006c0000000,0x00000006c247e048,0x00000006cc800000)
 Metaspace       used 40772K, capacity 41210K, committed 41384K, reserved 1085440K
  class space    used 4790K, capacity 4921K, committed 5040K, reserved 1048576K
GC Heap History (10 events):
Event: 5.044 GC heap before
{Heap before GC invocations=8 (full 1):
 PSYoungGen      total 105984K, used 103177K [0x000000076ab00000, 0x0000000772000000, 0x00000007c0000000)
  eden space 94720K, 100% used [0x000000076ab00000,0x0000000770780000,0x0000000770780000)
  from space 11264K, 75% used [0x0000000771280000,0x0000000771ac2658,0x0000000771d80000)
  to   space 11264K, 0% used [0x0000000770780000,0x0000000770780000,0x0000000771280000)
 ParOldGen       total 111104K, used 9552K [0x00000006c0000000, 0x00000006c6c80000, 0x000000076ab00000)
  object space 111104K, 8% used [0x00000006c0000000,0x00000006c0954200,0x00000006c6c80000)
 Metaspace       used 28661K, capacity 28804K, committed 29232K, reserved 1075200K
  class space    used 3546K, capacity 3590K, committed 3632K, reserved 1048576K
Event: 5.053 GC heap after
Heap after GC invocations=8 (full 1):
 PSYoungGen      total 105984K, used 10713K [0x000000076ab00000, 0x0000000774c00000, 0x00000007c0000000)
  eden space 94720K, 0% used [0x000000076ab00000,0x000000076ab00000,0x0000000770780000)
  from space 11264K, 95% used [0x0000000770780000,0x00000007711f65a0,0x0000000771280000)
  to   space 12288K, 0% used [0x0000000774000000,0x0000000774000000,0x0000000774c00000)
 ParOldGen       total 111104K, used 9560K [0x00000006c0000000, 0x00000006c6c80000, 0x000000076ab00000)
  object space 111104K, 8% used [0x00000006c0000000,0x00000006c0956200,0x00000006c6c80000)
 Metaspace       used 28661K, capacity 28804K, committed 29232K, reserved 1075200K
  class space    used 3546K, capacity 3590K, committed 3632K, reserved 1048576K
}
Event: 5.629 GC heap before
{Heap before GC invocations=9 (full 1):
 PSYoungGen      total 105984K, used 105433K [0x000000076ab00000, 0x0000000774c00000, 0x00000007c0000000)
  eden space 94720K, 100% used [0x000000076ab00000,0x0000000770780000,0x0000000770780000)
  from space 11264K, 95% used [0x0000000770780000,0x00000007711f65a0,0x0000000771280000)
  to   space 12288K, 0% used [0x0000000774000000,0x0000000774000000,0x0000000774c00000)
 ParOldGen       total 111104K, used 9560K [0x00000006c0000000, 0x00000006c6c80000, 0x000000076ab00000)
  object space 111104K, 8% used [0x00000006c0000000,0x00000006c0956200,0x00000006c6c80000)
 Metaspace       used 29584K, capacity 29750K, committed 30000K, reserved 1075200K
  class space    used 3581K, capacity 3625K, committed 3632K, reserved 1048576K
Event: 5.641 GC heap after
Heap after GC invocations=9 (full 1):
 PSYoungGen      total 148992K, used 12276K [0x000000076ab00000, 0x0000000775680000, 0x00000007c0000000)
  eden space 136704K, 0% used [0x000000076ab00000,0x000000076ab00000,0x0000000773080000)
  from space 12288K, 99% used [0x0000000774000000,0x0000000774bfd0e0,0x0000000774c00000)
  to   space 15872K, 0% used [0x0000000773080000,0x0000000773080000,0x0000000774000000)
 ParOldGen       total 111104K, used 14066K [0x00000006c0000000, 0x00000006c6c80000, 0x000000076ab00000)
  object space 111104K, 12% used [0x00000006c0000000,0x00000006c0dbca58,0x00000006c6c80000)
 Metaspace       used 29584K, capacity 29750K, committed 30000K, reserved 1075200K
  class space    used 3581K, capacity 3625K, committed 3632K, reserved 1048576K
}
Event: 6.291 GC heap before
{Heap before GC invocations=10 (full 1):
 PSYoungGen      total 148992K, used 148980K [0x000000076ab00000, 0x0000000775680000, 0x00000007c0000000)
  eden space 136704K, 100% used [0x000000076ab00000,0x0000000773080000,0x0000000773080000)
  from space 12288K, 99% used [0x0000000774000000,0x0000000774bfd0e0,0x0000000774c00000)
  to   space 15872K, 0% used [0x0000000773080000,0x0000000773080000,0x0000000774000000)
 ParOldGen       total 111104K, used 14066K [0x00000006c0000000, 0x00000006c6c80000, 0x000000076ab00000)
  object space 111104K, 12% used [0x00000006c0000000,0x00000006c0dbca58,0x00000006c6c80000)
 Metaspace       used 30754K, capacity 30926K, committed 31408K, reserved 1077248K
  class space    used 3659K, capacity 3693K, committed 3760K, reserved 1048576K
Event: 6.306 GC heap after
Heap after GC invocations=10 (full 1):
 PSYoungGen      total 152576K, used 15840K [0x000000076ab00000, 0x0000000778500000, 0x00000007c0000000)
  eden space 136704K, 0% used [0x000000076ab00000,0x000000076ab00000,0x0000000773080000)
  from space 15872K, 99% used [0x0000000773080000,0x0000000773ff8110,0x0000000774000000)
  to   space 19968K, 0% used [0x0000000777180000,0x0000000777180000,0x0000000778500000)
 ParOldGen       total 111104K, used 19618K [0x00000006c0000000, 0x00000006c6c80000, 0x000000076ab00000)
  object space 111104K, 17% used [0x00000006c0000000,0x00000006c1328a20,0x00000006c6c80000)
 Metaspace       used 30754K, capacity 30926K, committed 31408K, reserved 1077248K
  class space    used 3659K, capacity 3693K, committed 3760K, reserved 1048576K
}
Event: 6.894 GC heap before
{Heap before GC invocations=11 (full 1):
 PSYoungGen      total 152576K, used 105587K [0x000000076ab00000, 0x0000000778500000, 0x00000007c0000000)
  eden space 136704K, 65% used [0x000000076ab00000,0x00000007702a4d20,0x0000000773080000)
  from space 15872K, 99% used [0x0000000773080000,0x0000000773ff8110,0x0000000774000000)
  to   space 19968K, 0% used [0x0000000777180000,0x0000000777180000,0x0000000778500000)
 ParOldGen       total 111104K, used 19618K [0x00000006c0000000, 0x00000006c6c80000, 0x000000076ab00000)
  object space 111104K, 17% used [0x00000006c0000000,0x00000006c1328a20,0x00000006c6c80000)
 Metaspace       used 34997K, capacity 35118K, committed 35496K, reserved 1081344K
  class space    used 4148K, capacity 4173K, committed 4272K, reserved 1048576K
Event: 6.908 GC heap after
Heap after GC invocations=11 (full 1):
 PSYoungGen      total 199680K, used 19947K [0x000000076ab00000, 0x0000000778e00000, 0x00000007c0000000)
  eden space 179712K, 0% used [0x000000076ab00000,0x000000076ab00000,0x0000000775a80000)
  from space 19968K, 99% used [0x0000000777180000,0x00000007784face0,0x0000000778500000)
  to   space 23552K, 0% used [0x0000000775a80000,0x0000000775a80000,0x0000000777180000)
 ParOldGen       total 111104K, used 21299K [0x00000006c0000000, 0x00000006c6c80000, 0x000000076ab00000)
  object space 111104K, 19% used [0x00000006c0000000,0x00000006c14cce18,0x00000006c6c80000)
 Metaspace       used 34997K, capacity 35118K, committed 35496K, reserved 1081344K
  class space    used 4148K, capacity 4173K, committed 4272K, reserved 1048576K
}
Event: 6.908 GC heap before
{Heap before GC invocations=12 (full 2):
 PSYoungGen      total 199680K, used 19947K [0x000000076ab00000, 0x0000000778e00000, 0x00000007c0000000)
  eden space 179712K, 0% used [0x000000076ab00000,0x000000076ab00000,0x0000000775a80000)
  from space 19968K, 99% used [0x0000000777180000,0x00000007784face0,0x0000000778500000)
  to   space 23552K, 0% used [0x0000000775a80000,0x0000000775a80000,0x0000000777180000)
 ParOldGen       total 111104K, used 21299K [0x00000006c0000000, 0x00000006c6c80000, 0x000000076ab00000)
  object space 111104K, 19% used [0x00000006c0000000,0x00000006c14cce18,0x00000006c6c80000)
 Metaspace       used 34997K, capacity 35118K, committed 35496K, reserved 1081344K
  class space    used 4148K, capacity 4173K, committed 4272K, reserved 1048576K
Event: 7.077 GC heap after
Heap after GC invocations=12 (full 2):
 PSYoungGen      total 199680K, used 0K [0x000000076ab00000, 0x0000000778e00000, 0x00000007c0000000)
  eden space 179712K, 0% used [0x000000076ab00000,0x000000076ab00000,0x0000000775a80000)
  from space 19968K, 0% used [0x0000000777180000,0x0000000777180000,0x0000000778500000)
  to   space 23552K, 0% used [0x0000000775a80000,0x0000000775a80000,0x0000000777180000)
 ParOldGen       total 204800K, used 37368K [0x00000006c0000000, 0x00000006cc800000, 0x000000076ab00000)
  object space 204800K, 18% used [0x00000006c0000000,0x00000006c247e048,0x00000006cc800000)
 Metaspace       used 34997K, capacity 35118K, committed 35496K, reserved 1081344K
  class space    used 4148K, capacity 4173K, committed 4272K, reserved 1048576K
}

